# JRE version: Java(TM) SE Runtime Environment (16.0.1+9) (build 16.0.1+9-24)
# Java VM: Java HotSpot(TM) 64-Bit Server VM (16.0.1+9-24, mixed mode, sharing, tiered, compressed oops, compressed class ptrs, parallel gc, bsd-amd64)
GC Precious Log:
 CPUs: 4 total, 4 available
 Memory: 8192M
 Large Page Support: Disabled
 NUMA Support: Disabled
 Compressed Oops: Enabled (Zero based)
 Alignments: Space 512K, Generation 512K, Heap 2M
 Heap Min Capacity: 8M
 Heap Initial Capacity: 128M
 Heap Max Capacity: 2G
 Pre-touch: Disabled
 Parallel Workers: 4
Heap:
 PSYoungGen      total 465920K, used 452058K [0x00000007d5580000, 0x0000000800000000, 0x0000000800000000)
  eden space 232960K, 100% used [0x00000007d5580000,0x00000007e3900000,0x00000007e3900000)
  from space 232960K, 94% used [0x00000007f1c80000,0x00000007ff276840,0x0000000800000000)
  to   space 232960K, 90% used [0x00000007e3900000,0x00000007f0652468,0x00000007f1c80000)
 ParOldGen       total 1398272K, used 1352472K [0x0000000780000000, 0x00000007d5580000, 0x00000007d5580000)
  object space 1398272K, 96% used [0x0000000780000000,0x00000007d28c63b8,0x00000007d5580000)
 Metaspace       used 126171K, committed 127104K, reserved 1163264K
  class space    used 16207K, committed 16640K, reserved 1048576K
GC Heap History (20 events):
Event: 79.294 GC heap after
{Heap after GC invocations=44 (full 8):
 PSYoungGen      total 487424K, used 0K [0x00000007d5580000, 0x0000000800000000, 0x0000000800000000)
  eden space 282624K, 0% used [0x00000007d5580000,0x00000007d5580000,0x00000007e6980000)
  from space 204800K, 0% used [0x00000007e6980000,0x00000007e6980000,0x00000007f3180000)
  to   space 204800K, 0% used [0x00000007f3800000,0x00000007f3800000,0x0000000800000000)
 ParOldGen       total 740352K, used 464810K [0x0000000780000000, 0x00000007ad300000, 0x00000007d5580000)
  object space 740352K, 62% used [0x0000000780000000,0x000000079c5ea928,0x00000007ad300000)
 Metaspace       used 119672K, committed 120512K, reserved 1155072K
  class space    used 15273K, committed 15680K, reserved 1048576K
}
Event: 79.919 GC heap before
{Heap before GC invocations=45 (full 8):
 PSYoungGen      total 487424K, used 282624K [0x00000007d5580000, 0x0000000800000000, 0x0000000800000000)
  eden space 282624K, 100% used [0x00000007d5580000,0x00000007e6980000,0x00000007e6980000)
  from space 204800K, 0% used [0x00000007e6980000,0x00000007e6980000,0x00000007f3180000)
  to   space 204800K, 0% used [0x00000007f3800000,0x00000007f3800000,0x0000000800000000)
 ParOldGen       total 740352K, used 464810K [0x0000000780000000, 0x00000007ad300000, 0x00000007d5580000)
  object space 740352K, 62% used [0x0000000780000000,0x000000079c5ea928,0x00000007ad300000)
 Metaspace       used 119677K, committed 120512K, reserved 1155072K
  class space    used 15274K, committed 15680K, reserved 1048576K
}
Event: 79.926 GC heap after
{Heap after GC invocations=45 (full 8):
 PSYoungGen      total 485888K, used 10896K [0x00000007d5580000, 0x00000007ff800000, 0x0000000800000000)
  eden space 289280K, 0% used [0x00000007d5580000,0x00000007d5580000,0x00000007e7000000)
  from space 196608K, 5% used [0x00000007f3800000,0x00000007f42a4030,0x00000007ff800000)
  to   space 200704K, 0% used [0x00000007e7000000,0x00000007e7000000,0x00000007f3400000)
 ParOldGen       total 740352K, used 464810K [0x0000000780000000, 0x00000007ad300000, 0x00000007d5580000)
  object space 740352K, 62% used [0x0000000780000000,0x000000079c5ea928,0x00000007ad300000)
 Metaspace       used 119677K, committed 120512K, reserved 1155072K
  class space    used 15274K, committed 15680K, reserved 1048576K
}
Event: 80.256 GC heap before
{Heap before GC invocations=46 (full 8):
 PSYoungGen      total 485888K, used 300176K [0x00000007d5580000, 0x00000007ff800000, 0x0000000800000000)
  eden space 289280K, 100% used [0x00000007d5580000,0x00000007e7000000,0x00000007e7000000)
  from space 196608K, 5% used [0x00000007f3800000,0x00000007f42a4030,0x00000007ff800000)
  to   space 200704K, 0% used [0x00000007e7000000,0x00000007e7000000,0x00000007f3400000)
 ParOldGen       total 740352K, used 464810K [0x0000000780000000, 0x00000007ad300000, 0x00000007d5580000)
  object space 740352K, 62% used [0x0000000780000000,0x000000079c5ea928,0x00000007ad300000)
 Metaspace       used 119677K, committed 120512K, reserved 1155072K
  class space    used 15274K, committed 15680K, reserved 1048576K
}
Event: 80.267 GC heap after
{Heap after GC invocations=46 (full 8):
 PSYoungGen      total 489984K, used 14960K [0x00000007d5580000, 0x00000007ff900000, 0x0000000800000000)
  eden space 289280K, 0% used [0x00000007d5580000,0x00000007d5580000,0x00000007e7000000)
  from space 200704K, 7% used [0x00000007e7000000,0x00000007e7e9c040,0x00000007f3400000)
  to   space 195072K, 0% used [0x00000007f3a80000,0x00000007f3a80000,0x00000007ff900000)
 ParOldGen       total 740352K, used 464810K [0x0000000780000000, 0x00000007ad300000, 0x00000007d5580000)
  object space 740352K, 62% used [0x0000000780000000,0x000000079c5ea928,0x00000007ad300000)
 Metaspace       used 119677K, committed 120512K, reserved 1155072K
  class space    used 15274K, committed 15680K, reserved 1048576K
}
Event: 80.494 GC heap before
{Heap before GC invocations=47 (full 8):
 PSYoungGen      total 489984K, used 304240K [0x00000007d5580000, 0x00000007ff900000, 0x0000000800000000)
  eden space 289280K, 100% used [0x00000007d5580000,0x00000007e7000000,0x00000007e7000000)
  from space 200704K, 7% used [0x00000007e7000000,0x00000007e7e9c040,0x00000007f3400000)
  to   space 195072K, 0% used [0x00000007f3a80000,0x00000007f3a80000,0x00000007ff900000)
 ParOldGen       total 740352K, used 464810K [0x0000000780000000, 0x00000007ad300000, 0x00000007d5580000)
  object space 740352K, 62% used [0x0000000780000000,0x000000079c5ea928,0x00000007ad300000)
 Metaspace       used 119920K, committed 120768K, reserved 1155072K
  class space    used 15315K, committed 15744K, reserved 1048576K
}
Event: 80.504 GC heap after
{Heap after GC invocations=47 (full 8):
 PSYoungGen      total 485376K, used 16848K [0x00000007d5580000, 0x00000007fec80000, 0x0000000800000000)
  eden space 303104K, 0% used [0x00000007d5580000,0x00000007d5580000,0x00000007e7d80000)
  from space 182272K, 9% used [0x00000007f3a80000,0x00000007f4af4050,0x00000007fec80000)
  to   space 187904K, 0% used [0x00000007e7d80000,0x00000007e7d80000,0x00000007f3500000)
 ParOldGen       total 740352K, used 464810K [0x0000000780000000, 0x00000007ad300000, 0x00000007d5580000)
  object space 740352K, 62% used [0x0000000780000000,0x000000079c5ea928,0x00000007ad300000)
 Metaspace       used 119920K, committed 120768K, reserved 1155072K
  class space    used 15315K, committed 15744K, reserved 1048576K
}
Event: 81.912 GC heap before
{Heap before GC invocations=48 (full 8):
 PSYoungGen      total 485376K, used 319952K [0x00000007d5580000, 0x00000007fec80000, 0x0000000800000000)
  eden space 303104K, 100% used [0x00000007d5580000,0x00000007e7d80000,0x00000007e7d80000)
  from space 182272K, 9% used [0x00000007f3a80000,0x00000007f4af4050,0x00000007fec80000)
  to   space 187904K, 0% used [0x00000007e7d80000,0x00000007e7d80000,0x00000007f3500000)
 ParOldGen       total 740352K, used 464810K [0x0000000780000000, 0x00000007ad300000, 0x00000007d5580000)
  object space 740352K, 62% used [0x0000000780000000,0x000000079c5ea928,0x00000007ad300000)
 Metaspace       used 122556K, committed 123456K, reserved 1163264K
  class space    used 15639K, committed 16064K, reserved 1048576K
}
Event: 81.942 GC heap after
{Heap after GC invocations=48 (full 8):
 PSYoungGen      total 491008K, used 44144K [0x00000007d5580000, 0x00000007fea80000, 0x0000000800000000)
  eden space 303104K, 0% used [0x00000007d5580000,0x00000007d5580000,0x00000007e7d80000)
  from space 187904K, 23% used [0x00000007e7d80000,0x00000007ea89c130,0x00000007f3500000)
  to   space 176128K, 0% used [0x00000007f3e80000,0x00000007f3e80000,0x00000007fea80000)
 ParOldGen       total 740352K, used 464810K [0x0000000780000000, 0x00000007ad300000, 0x00000007d5580000)
  object space 740352K, 62% used [0x0000000780000000,0x000000079c5ea928,0x00000007ad300000)
 Metaspace       used 122556K, committed 123456K, reserved 1163264K
  class space    used 15639K, committed 16064K, reserved 1048576K
}
Event: 83.148 GC heap before
{Heap before GC invocations=49 (full 8):
 PSYoungGen      total 491008K, used 347248K [0x00000007d5580000, 0x00000007fea80000, 0x0000000800000000)
  eden space 303104K, 100% used [0x00000007d5580000,0x00000007e7d80000,0x00000007e7d80000)
  from space 187904K, 23% used [0x00000007e7d80000,0x00000007ea89c130,0x00000007f3500000)
  to   space 176128K, 0% used [0x00000007f3e80000,0x00000007f3e80000,0x00000007fea80000)
 ParOldGen       total 740352K, used 464810K [0x0000000780000000, 0x00000007ad300000, 0x00000007d5580000)
  object space 740352K, 62% used [0x0000000780000000,0x000000079c5ea928,0x00000007ad300000)
 Metaspace       used 122803K, committed 123648K, reserved 1163264K
  class space    used 15648K, committed 16064K, reserved 1048576K
}
Event: 83.207 GC heap after
{Heap after GC invocations=49 (full 8):
 PSYoungGen      total 497664K, used 87040K [0x00000007d5580000, 0x00000007fe980000, 0x0000000800000000)
  eden space 322560K, 0% used [0x00000007d5580000,0x00000007d5580000,0x00000007e9080000)
  from space 175104K, 49% used [0x00000007f3e80000,0x00000007f9380378,0x00000007fe980000)
  to   space 176640K, 0% used [0x00000007e9080000,0x00000007e9080000,0x00000007f3d00000)
 ParOldGen       total 740352K, used 464818K [0x0000000780000000, 0x00000007ad300000, 0x00000007d5580000)
  object space 740352K, 62% used [0x0000000780000000,0x000000079c5ec928,0x00000007ad300000)
 Metaspace       used 122803K, committed 123648K, reserved 1163264K
  class space    used 15648K, committed 16064K, reserved 1048576K
}
Event: 84.361 GC heap before
{Heap before GC invocations=50 (full 8):
 PSYoungGen      total 497664K, used 409600K [0x00000007d5580000, 0x00000007fe980000, 0x0000000800000000)
  eden space 322560K, 100% used [0x00000007d5580000,0x00000007e9080000,0x00000007e9080000)
  from space 175104K, 49% used [0x00000007f3e80000,0x00000007f9380378,0x00000007fe980000)
  to   space 176640K, 0% used [0x00000007e9080000,0x00000007e9080000,0x00000007f3d00000)
 ParOldGen       total 740352K, used 464818K [0x0000000780000000, 0x00000007ad300000, 0x00000007d5580000)
  object space 740352K, 62% used [0x0000000780000000,0x000000079c5ec928,0x00000007ad300000)
 Metaspace       used 122815K, committed 123712K, reserved 1163264K
  class space    used 15648K, committed 16064K, reserved 1048576K
}
Event: 84.453 GC heap after
{Heap after GC invocations=50 (full 8):
 PSYoungGen      total 499200K, used 135433K [0x00000007d5580000, 0x0000000800000000, 0x0000000800000000)
  eden space 322560K, 0% used [0x00000007d5580000,0x00000007d5580000,0x00000007e9080000)
  from space 176640K, 76% used [0x00000007e9080000,0x00000007f14c2650,0x00000007f3d00000)
  to   space 194048K, 0% used [0x00000007f4280000,0x00000007f4280000,0x0000000800000000)
 ParOldGen       total 740352K, used 464818K [0x0000000780000000, 0x00000007ad300000, 0x00000007d5580000)
  object space 740352K, 62% used [0x0000000780000000,0x000000079c5ec928,0x00000007ad300000)
 Metaspace       used 122815K, committed 123712K, reserved 1163264K
  class space    used 15648K, committed 16064K, reserved 1048576K
}
Event: 85.558 GC heap before
{Heap before GC invocations=51 (full 8):
 PSYoungGen      total 499200K, used 457993K [0x00000007d5580000, 0x0000000800000000, 0x0000000800000000)
  eden space 322560K, 100% used [0x00000007d5580000,0x00000007e9080000,0x00000007e9080000)
  from space 176640K, 76% used [0x00000007e9080000,0x00000007f14c2650,0x00000007f3d00000)
  to   space 194048K, 0% used [0x00000007f4280000,0x00000007f4280000,0x0000000800000000)
 ParOldGen       total 740352K, used 464818K [0x0000000780000000, 0x00000007ad300000, 0x00000007d5580000)
  object space 740352K, 62% used [0x0000000780000000,0x000000079c5ec928,0x00000007ad300000)
 Metaspace       used 122826K, committed 123712K, reserved 1163264K
  class space    used 15648K, committed 16064K, reserved 1048576K
}
Event: 85.671 GC heap after
{Heap after GC invocations=51 (full 8):
 PSYoungGen      total 444416K, used 180105K [0x00000007d5580000, 0x0000000800000000, 0x0000000800000000)
  eden space 250368K, 0% used [0x00000007d5580000,0x00000007d5580000,0x00000007e4a00000)
  from space 194048K, 92% used [0x00000007f4280000,0x00000007ff262710,0x0000000800000000)
  to   space 224256K, 0% used [0x00000007e4a00000,0x00000007e4a00000,0x00000007f2500000)
 ParOldGen       total 740352K, used 464818K [0x0000000780000000, 0x00000007ad300000, 0x00000007d5580000)
  object space 740352K, 62% used [0x0000000780000000,0x000000079c5ec928,0x00000007ad300000)
 Metaspace       used 122826K, committed 123712K, reserved 1163264K
  class space    used 15648K, committed 16064K, reserved 1048576K
}
Event: 86.683 GC heap before
{Heap before GC invocations=52 (full 8):
 PSYoungGen      total 444416K, used 430473K [0x00000007d5580000, 0x0000000800000000, 0x0000000800000000)
  eden space 250368K, 100% used [0x00000007d5580000,0x00000007e4a00000,0x00000007e4a00000)
  from space 194048K, 92% used [0x00000007f4280000,0x00000007ff262710,0x0000000800000000)
  to   space 224256K, 0% used [0x00000007e4a00000,0x00000007e4a00000,0x00000007f2500000)
 ParOldGen       total 740352K, used 464818K [0x0000000780000000, 0x00000007ad300000, 0x00000007d5580000)
  object space 740352K, 62% used [0x0000000780000000,0x000000079c5ec928,0x00000007ad300000)
 Metaspace       used 122839K, committed 123712K, reserved 1163264K
  class space    used 15648K, committed 16064K, reserved 1048576K
}
Event: 86.811 GC heap after
{Heap after GC invocations=52 (full 8):
 PSYoungGen      total 461824K, used 210969K [0x00000007d5580000, 0x0000000800000000, 0x0000000800000000)
  eden space 250368K, 0% used [0x00000007d5580000,0x00000007d5580000,0x00000007e4a00000)
  from space 211456K, 99% used [0x00000007e4a00000,0x00000007f18065f0,0x00000007f1880000)
  to   space 232960K, 0% used [0x00000007f1c80000,0x00000007f1c80000,0x0000000800000000)
 ParOldGen       total 740352K, used 464826K [0x0000000780000000, 0x00000007ad300000, 0x00000007d5580000)
  object space 740352K, 62% used [0x0000000780000000,0x000000079c5ee928,0x00000007ad300000)
 Metaspace       used 122839K, committed 123712K, reserved 1163264K
  class space    used 15648K, committed 16064K, reserved 1048576K
}
Event: 88.443 GC heap before
{Heap before GC invocations=53 (full 8):
 PSYoungGen      total 461824K, used 461337K [0x00000007d5580000, 0x0000000800000000, 0x0000000800000000)
  eden space 250368K, 100% used [0x00000007d5580000,0x00000007e4a00000,0x00000007e4a00000)
  from space 211456K, 99% used [0x00000007e4a00000,0x00000007f18065f0,0x00000007f1880000)
  to   space 232960K, 0% used [0x00000007f1c80000,0x00000007f1c80000,0x0000000800000000)
 ParOldGen       total 740352K, used 464826K [0x0000000780000000, 0x00000007ad300000, 0x00000007d5580000)
  object space 740352K, 62% used [0x0000000780000000,0x000000079c5ee928,0x00000007ad300000)
 Metaspace       used 125680K, committed 126528K, reserved 1163264K
  class space    used 16133K, committed 16576K, reserved 1048576K
}
Event: 88.627 GC heap after
{Heap after GC invocations=53 (full 8):
 PSYoungGen      total 465920K, used 219098K [0x00000007d5580000, 0x0000000800000000, 0x0000000800000000)
  eden space 232960K, 0% used [0x00000007d5580000,0x00000007d5580000,0x00000007e3900000)
  from space 232960K, 94% used [0x00000007f1c80000,0x00000007ff276840,0x0000000800000000)
  to   space 232960K, 0% used [0x00000007e3900000,0x00000007e3900000,0x00000007f1c80000)
 ParOldGen       total 740352K, used 479906K [0x0000000780000000, 0x00000007ad300000, 0x00000007d5580000)
  object space 740352K, 64% used [0x0000000780000000,0x000000079d4a8978,0x00000007ad300000)
 Metaspace       used 125680K, committed 126528K, reserved 1163264K
  class space    used 16133K, committed 16576K, reserved 1048576K
}
Event: 90.431 GC heap before
{Heap before GC invocations=54 (full 8):
 PSYoungGen      total 465920K, used 452058K [0x00000007d5580000, 0x0000000800000000, 0x0000000800000000)
  eden space 232960K, 100% used [0x00000007d5580000,0x00000007e3900000,0x00000007e3900000)
  from space 232960K, 94% used [0x00000007f1c80000,0x00000007ff276840,0x0000000800000000)
  to   space 232960K, 0% used [0x00000007e3900000,0x00000007e3900000,0x00000007f1c80000)
 ParOldGen       total 740352K, used 479906K [0x0000000780000000, 0x00000007ad300000, 0x00000007d5580000)
  object space 740352K, 64% used [0x0000000780000000,0x000000079d4a8978,0x00000007ad300000)
 Metaspace       used 126171K, committed 127104K, reserved 1163264K
  class space    used 16207K, committed 16640K, reserved 1048576K
}

